2024-11-04T00:33:08+00:00 DEBUG POST: https://ads.tiktok.com/marketing_api/api/developer/app/create_auto_approve/

{"business_platform":"PROD","smb_id":"tt4b_woocommerce_672816448f9cahttplocalhost8080ProjectCMSwp-admin","smb_name":"PROD","redirect_url":"http:\/\/localhost:8080\/ProjectCMS\/wp-admin\/"}
 ajax: no
2024-11-04T00:33:09+00:00 DEBUG Tt4b_Mapi_Class::create_open_source_app: Response: 

HTTP/1.1 200 OK
Content-Type: application/json
X-Tt-Logid: 20241104003308A0C3CD17DEA678CF8798,20241104003308A0C3CD17DEA678CF8798
Strict-Transport-Security: max-age=31536000; includeSubDomains
x-tt-trace-host: 0146ed830e03d8956def8e86858442b1478da44554954adb3d188141f91f4567812a3476929459260012edd5c327c436eabb4bb50653fad51b2917055f8153e3e41478c7f0939c40796e153b9100cc319388f947291b757fab9a6376b4895ef892d78c45807e9d81affd7c6295119acd5d
x-tt-trace-id: 00-241104003308A0C3CD17DEA678CF8798-53F60FF64EB257FD-00
Server: TLB
Content-Encoding: gzip
Content-Length: 217
X-Origin-Response-Time: 61,23.54.117.214
X-Akamai-Request-ID: ead5c3d1.7452d36a
Date: Mon, 04 Nov 2024 00:33:10 GMT
X-Cache: TCP_MISS from a27-77-82-140.deploy.akamaitechnologies.com (AkamaiGHost/11.7.0.1-2fb65fbfa7ad4f98bbb706cf20e2b5f6) (-)
Connection: close
Vary: Accept-Encoding
X-Cache-Remote: TCP_MISS from a23-54-117-214.deploy.akamaitechnologies.com (AkamaiGHost/11.7.0.1-2fb65fbfa7ad4f98bbb706cf20e2b5f6) (-)
x-tt-trace-tag: id=16;cdn-cache=miss;type=dyn
Server-Timing: cdn-cache; desc=MISS, edge; dur=23, origin; dur=61
Server-Timing: inner; dur=55
X-Parent-Response-Time: 82,27.77.82.140

{"code":0,"msg":"ok","data":{"redirect_uri":"http:\/\/localhost:8080\/ProjectCMS\/wp-admin\/","external_data_key":"a6ef6378-6764-4c83-b84b-900d0e82d2e8","app_secret":"b86885282a9f0025c1235047642e416c8e9971f6","app_id":"7433215674924679186"}}

2024-11-04T00:48:08+00:00 DEBUG POST: https://business-api.tiktok.com/tbp/v2.0/business_profile/disconnect?external_data=

{"business_platform":"WOO_COMMERCE","external_business_id":"tt4b_woocommerce_672816448f9ca"}
 ajax: no
2024-11-04T00:48:08+00:00 DEBUG Tt4b_Mapi_Class::tbp_post: Response: 

HTTP/1.1 200 OK
Content-Type: application/json; charset=utf-8
Content-Length: 95
X-Api-Deprecation-Info: API for Business Version 1.3 is now live. To avoid disruption to your business, we recommend you migrate all calls to v1.3 as soon as possible. Please visit our migration guide for more details: https://ads.tiktok.com/marketing_api/docs?id=1740029169927169
X-Domain-Change-Info: We have moved to the new domain business-api.tiktok.com for API services after the Platform Upgrade on 09/30/2021. Please update all of your requests with the new domain if you haven't done so already. For more information, please visit https://ads.tiktok.com/marketing_api/docs?rid=esb88xalm6m&id=1709207085043713
X-Tt-Logid: 20241104004808500AE6B68DDC9FCDDE04
Server-Timing: inner; dur=10
x-tt-trace-host: 0146ed830e03d8956def8e86858442b1474d83d327b593f8dd525092d814f85cde758cb8be25eb80fc42d21584aabcb437d55c5e72d4aedd8bcad6faf46e9a53768a66527223de083c34f474647df832811419167ec9d4624a48887d1f84521f9e
x-tt-trace-id: 00-241104004808500AE6B68DDC9FCDDE04-5F2B05F215E93FFD-00
Server: TLB
Expires: Mon, 04 Nov 2024 00:48:09 GMT
Cache-Control: max-age=0, no-cache, no-store
Pragma: no-cache
Date: Mon, 04 Nov 2024 00:48:09 GMT
X-Cache: TCP_MISS from a23-59-80-95.deploy.akamaitechnologies.com (AkamaiGHost/11.7.0.1-02978ab5588da6405be9084889a03f78) (-)
Connection: close
x-tt-trace-tag: id=16;cdn-cache=miss;type=dyn
Server-Timing: cdn-cache; desc=MISS, edge; dur=1, origin; dur=37
X-Origin-Response-Time: 38,23.59.80.95
X-Akamai-Request-ID: 2dac7304

{"code":40001,"message":"Permission denied.","request_id":"20241104004808500AE6B68DDC9FCDDE04"}

2024-11-04T00:48:08+00:00 DEBUG POST: https://business-api.tiktok.com/tbp/v2.0/shop/connection/disconnect?external_data=

--- EMPTY STRING ---
 ajax: no
2024-11-04T00:48:09+00:00 DEBUG Tt4b_Mapi_Class::tts_shop_disconnect: Response: 

HTTP/1.1 200 OK
Content-Type: application/json; charset=utf-8
Content-Length: 95
X-Api-Deprecation-Info: API for Business Version 1.3 is now live. To avoid disruption to your business, we recommend you migrate all calls to v1.3 as soon as possible. Please visit our migration guide for more details: https://ads.tiktok.com/marketing_api/docs?id=1740029169927169
X-Domain-Change-Info: We have moved to the new domain business-api.tiktok.com for API services after the Platform Upgrade on 09/30/2021. Please update all of your requests with the new domain if you haven't done so already. For more information, please visit https://ads.tiktok.com/marketing_api/docs?rid=esb88xalm6m&id=1709207085043713
X-Tt-Logid: 2024110400480861C5141090B2DFD04CD6
Server-Timing: inner; dur=8
x-tt-trace-host: 0146ed830e03d8956def8e86858442b1474d83d327b593f8dd525092d814f85cde758cb8be25eb80fc42d21584aabcb437d55c5e72d4aedd8bcad6faf46e9a537663aa844c44650cea13611281af0e5df505ee5c232e332d16cb9c92262f748127
x-tt-trace-id: 00-24110400480861C5141090B2DFD04CD6-6F5BC20D2BCDC5C1-00
Server: TLB
Expires: Mon, 04 Nov 2024 00:48:09 GMT
Cache-Control: max-age=0, no-cache, no-store
Pragma: no-cache
Date: Mon, 04 Nov 2024 00:48:09 GMT
X-Cache: TCP_MISS from a23-59-80-95.deploy.akamaitechnologies.com (AkamaiGHost/11.7.0.1-02978ab5588da6405be9084889a03f78) (-)
Connection: close
x-tt-trace-tag: id=16;cdn-cache=miss;type=dyn
Server-Timing: cdn-cache; desc=MISS, edge; dur=0, origin; dur=21
X-Origin-Response-Time: 21,23.59.80.95
X-Akamai-Request-ID: 2dac77e9

{"code":40001,"message":"Permission denied.","request_id":"2024110400480861C5141090B2DFD04CD6"}

